2017-06-16 17:01:49,268 INFO [org.apache.zookeeper.ClientCnxn] - Opening socket connection to server 115.154.137.58/115.154.137.58:2181. Will not attempt to authenticate using SASL (unknown error)
2017-06-16 17:01:49,269 WARN [org.apache.zookeeper.ClientCnxn] - Session 0x15b9b5d04ef2073 for server null, unexpected error, closing socket connection and attempting reconnect
java.net.NoRouteToHostException: No route to host: no further information
	at sun.nio.ch.SocketChannelImpl.checkConnect(Native Method)
	at sun.nio.ch.SocketChannelImpl.finishConnect(SocketChannelImpl.java:717)
	at org.apache.zookeeper.ClientCnxnSocketNIO.doTransport(ClientCnxnSocketNIO.java:361)
	at org.apache.zookeeper.ClientCnxn$SendThread.run(ClientCnxn.java:1081)
2017-06-16 17:01:49,518 INFO [org.apache.zookeeper.ClientCnxn] - Opening socket connection to server 115.154.137.58/115.154.137.58:2181. Will not attempt to authenticate using SASL (unknown error)
2017-06-16 17:01:49,518 WARN [org.apache.zookeeper.ClientCnxn] - Session 0x15b9b5d04ef2072 for server null, unexpected error, closing socket connection and attempting reconnect
java.net.NoRouteToHostException: No route to host: no further information
	at sun.nio.ch.SocketChannelImpl.checkConnect(Native Method)
	at sun.nio.ch.SocketChannelImpl.finishConnect(SocketChannelImpl.java:717)
	at org.apache.zookeeper.ClientCnxnSocketNIO.doTransport(ClientCnxnSocketNIO.java:361)
	at org.apache.zookeeper.ClientCnxn$SendThread.run(ClientCnxn.java:1081)
2017-06-16 17:01:49,765 INFO [org.apache.zookeeper.ClientCnxn] - Opening socket connection to server 115.154.137.58/115.154.137.58:2181. Will not attempt to authenticate using SASL (unknown error)
2017-06-16 17:01:49,766 WARN [org.apache.zookeeper.ClientCnxn] - Session 0x15b9b5d04ef2070 for server null, unexpected error, closing socket connection and attempting reconnect
java.net.NoRouteToHostException: No route to host: no further information
	at sun.nio.ch.SocketChannelImpl.checkConnect(Native Method)
	at sun.nio.ch.SocketChannelImpl.finishConnect(SocketChannelImpl.java:717)
	at org.apache.zookeeper.ClientCnxnSocketNIO.doTransport(ClientCnxnSocketNIO.java:361)
	at org.apache.zookeeper.ClientCnxn$SendThread.run(ClientCnxn.java:1081)
2017-06-16 17:01:50,589 INFO [org.apache.zookeeper.ClientCnxn] - Opening socket connection to server 115.154.137.58/115.154.137.58:2181. Will not attempt to authenticate using SASL (unknown error)
2017-06-16 17:01:50,589 WARN [org.apache.zookeeper.ClientCnxn] - Session 0x15b9b5d04ef2073 for server null, unexpected error, closing socket connection and attempting reconnect
java.net.NoRouteToHostException: No route to host: no further information
	at sun.nio.ch.SocketChannelImpl.checkConnect(Native Method)
	at sun.nio.ch.SocketChannelImpl.finishConnect(SocketChannelImpl.java:717)
	at org.apache.zookeeper.ClientCnxnSocketNIO.doTransport(ClientCnxnSocketNIO.java:361)
	at org.apache.zookeeper.ClientCnxn$SendThread.run(ClientCnxn.java:1081)
2017-06-16 17:01:50,726 INFO [org.apache.zookeeper.ClientCnxn] - Opening socket connection to server 115.154.137.58/115.154.137.58:2181. Will not attempt to authenticate using SASL (unknown error)
2017-06-16 17:01:50,726 WARN [org.apache.zookeeper.ClientCnxn] - Session 0x15b9b5d04ef2072 for server null, unexpected error, closing socket connection and attempting reconnect
java.net.NoRouteToHostException: No route to host: no further information
	at sun.nio.ch.SocketChannelImpl.checkConnect(Native Method)
	at sun.nio.ch.SocketChannelImpl.finishConnect(SocketChannelImpl.java:717)
	at org.apache.zookeeper.ClientCnxnSocketNIO.doTransport(ClientCnxnSocketNIO.java:361)
	at org.apache.zookeeper.ClientCnxn$SendThread.run(ClientCnxn.java:1081)
2017-06-16 17:01:51,391 INFO [org.apache.zookeeper.ClientCnxn] - Opening socket connection to server 115.154.137.58/115.154.137.58:2181. Will not attempt to authenticate using SASL (unknown error)
2017-06-16 17:01:51,956 INFO [org.apache.zookeeper.ClientCnxn] - Opening socket connection to server 115.154.137.58/115.154.137.58:2181. Will not attempt to authenticate using SASL (unknown error)
2017-06-16 17:01:51,958 INFO [org.apache.zookeeper.ClientCnxn] - Socket connection established to 115.154.137.58/115.154.137.58:2181, initiating session
2017-06-16 17:01:51,961 INFO [org.apache.zookeeper.ClientCnxn] - Unable to reconnect to ZooKeeper service, session 0x15b9b5d04ef2072 has expired, closing socket connection
2017-06-16 17:01:51,968 WARN [org.apache.hadoop.hbase.client.ConnectionManager$HConnectionImplementation] - This client just lost it's session with ZooKeeper, closing it. It will be recreated next time someone needs it
org.apache.zookeeper.KeeperException$SessionExpiredException: KeeperErrorCode = Session expired
	at org.apache.hadoop.hbase.zookeeper.ZooKeeperWatcher.connectionEvent(ZooKeeperWatcher.java:700)
	at org.apache.hadoop.hbase.zookeeper.ZooKeeperWatcher.process(ZooKeeperWatcher.java:611)
	at org.apache.zookeeper.ClientCnxn$EventThread.processEvent(ClientCnxn.java:522)
	at org.apache.zookeeper.ClientCnxn$EventThread.run(ClientCnxn.java:498)
2017-06-16 17:01:51,970 INFO [org.apache.hadoop.hbase.client.ConnectionManager$HConnectionImplementation] - Closing zookeeper sessionid=0x15b9b5d04ef2072
2017-06-16 17:01:51,970 INFO [org.apache.zookeeper.ClientCnxn] - EventThread shut down
2017-06-16 17:01:52,456 INFO [org.apache.zookeeper.ClientCnxn] - Opening socket connection to server 115.154.137.58/115.154.137.58:2181. Will not attempt to authenticate using SASL (unknown error)
2017-06-16 17:01:52,458 INFO [org.apache.zookeeper.ClientCnxn] - Socket connection established to 115.154.137.58/115.154.137.58:2181, initiating session
2017-06-16 17:01:52,460 INFO [org.apache.zookeeper.ClientCnxn] - Unable to reconnect to ZooKeeper service, session 0x15b9b5d04ef2073 has expired, closing socket connection
2017-06-16 17:01:52,460 WARN [org.apache.hadoop.hbase.client.ConnectionManager$HConnectionImplementation] - This client just lost it's session with ZooKeeper, closing it. It will be recreated next time someone needs it
org.apache.zookeeper.KeeperException$SessionExpiredException: KeeperErrorCode = Session expired
	at org.apache.hadoop.hbase.zookeeper.ZooKeeperWatcher.connectionEvent(ZooKeeperWatcher.java:700)
	at org.apache.hadoop.hbase.zookeeper.ZooKeeperWatcher.process(ZooKeeperWatcher.java:611)
	at org.apache.zookeeper.ClientCnxn$EventThread.processEvent(ClientCnxn.java:522)
	at org.apache.zookeeper.ClientCnxn$EventThread.run(ClientCnxn.java:498)
2017-06-16 17:01:52,461 INFO [org.apache.hadoop.hbase.client.ConnectionManager$HConnectionImplementation] - Closing zookeeper sessionid=0x15b9b5d04ef2073
2017-06-16 17:01:52,461 INFO [org.apache.zookeeper.ClientCnxn] - EventThread shut down
2017-06-16 17:01:55,647 INFO [org.apache.zookeeper.ClientCnxn] - Socket connection established to 115.154.137.58/115.154.137.58:2181, initiating session
2017-06-16 17:01:55,650 INFO [org.apache.zookeeper.ClientCnxn] - Unable to reconnect to ZooKeeper service, session 0x15b9b5d04ef2071 has expired, closing socket connection
2017-06-16 17:01:55,650 WARN [org.apache.hadoop.hbase.client.ConnectionManager$HConnectionImplementation] - This client just lost it's session with ZooKeeper, closing it. It will be recreated next time someone needs it
org.apache.zookeeper.KeeperException$SessionExpiredException: KeeperErrorCode = Session expired
	at org.apache.hadoop.hbase.zookeeper.ZooKeeperWatcher.connectionEvent(ZooKeeperWatcher.java:700)
	at org.apache.hadoop.hbase.zookeeper.ZooKeeperWatcher.process(ZooKeeperWatcher.java:611)
	at org.apache.zookeeper.ClientCnxn$EventThread.processEvent(ClientCnxn.java:522)
	at org.apache.zookeeper.ClientCnxn$EventThread.run(ClientCnxn.java:498)
2017-06-16 17:01:55,650 INFO [org.apache.hadoop.hbase.client.ConnectionManager$HConnectionImplementation] - Closing zookeeper sessionid=0x15b9b5d04ef2071
2017-06-16 17:01:55,650 INFO [org.apache.zookeeper.ClientCnxn] - EventThread shut down
2017-06-16 17:02:00,393 INFO [org.apache.zookeeper.ClientCnxn] - Socket connection established to 115.154.137.58/115.154.137.58:2181, initiating session
2017-06-16 17:02:00,396 INFO [org.apache.zookeeper.ClientCnxn] - Unable to reconnect to ZooKeeper service, session 0x15b9b5d04ef2070 has expired, closing socket connection
2017-06-16 17:02:00,396 WARN [org.apache.hadoop.hbase.client.ConnectionManager$HConnectionImplementation] - This client just lost it's session with ZooKeeper, closing it. It will be recreated next time someone needs it
org.apache.zookeeper.KeeperException$SessionExpiredException: KeeperErrorCode = Session expired
	at org.apache.hadoop.hbase.zookeeper.ZooKeeperWatcher.connectionEvent(ZooKeeperWatcher.java:700)
	at org.apache.hadoop.hbase.zookeeper.ZooKeeperWatcher.process(ZooKeeperWatcher.java:611)
	at org.apache.zookeeper.ClientCnxn$EventThread.processEvent(ClientCnxn.java:522)
	at org.apache.zookeeper.ClientCnxn$EventThread.run(ClientCnxn.java:498)
2017-06-16 17:02:00,396 INFO [org.apache.hadoop.hbase.client.ConnectionManager$HConnectionImplementation] - Closing zookeeper sessionid=0x15b9b5d04ef2070
2017-06-16 17:02:00,396 INFO [org.apache.zookeeper.ClientCnxn] - EventThread shut down
2017-06-20 22:16:14,152 INFO [org.springframework.context.support.ClassPathXmlApplicationContext] - Refreshing org.springframework.context.support.ClassPathXmlApplicationContext@1e6d1014: startup date [Tue Jun 20 22:16:14 CST 2017]; root of context hierarchy
2017-06-20 22:16:14,229 INFO [org.springframework.beans.factory.xml.XmlBeanDefinitionReader] - Loading XML bean definitions from class path resource [beans.xml]
2017-06-20 22:16:25,607 INFO [org.springframework.beans.factory.xml.XmlBeanDefinitionReader] - Loading XML bean definitions from class path resource [beans.xml]
2017-06-20 22:16:28,923 INFO [org.springframework.beans.factory.support.DefaultListableBeanFactory] - Overriding bean definition for bean 'dataSource': replacing [Generic bean: class [org.apache.commons.dbcp.BasicDataSource]; scope=; abstract=false; lazyInit=false; autowireMode=0; dependencyCheck=0; autowireCandidate=true; primary=false; factoryBeanName=null; factoryMethodName=null; initMethodName=null; destroyMethodName=close; defined in class path resource [beans.xml]] with [Generic bean: class [org.apache.commons.dbcp.BasicDataSource]; scope=; abstract=false; lazyInit=false; autowireMode=0; dependencyCheck=0; autowireCandidate=true; primary=false; factoryBeanName=null; factoryMethodName=null; initMethodName=null; destroyMethodName=close; defined in class path resource [beans.xml]]
2017-06-20 22:16:28,924 INFO [org.springframework.beans.factory.support.DefaultListableBeanFactory] - Overriding bean definition for bean 'dataSource2': replacing [Generic bean: class [org.apache.commons.dbcp.BasicDataSource]; scope=; abstract=false; lazyInit=false; autowireMode=0; dependencyCheck=0; autowireCandidate=true; primary=false; factoryBeanName=null; factoryMethodName=null; initMethodName=null; destroyMethodName=close; defined in class path resource [beans.xml]] with [Generic bean: class [org.apache.commons.dbcp.BasicDataSource]; scope=; abstract=false; lazyInit=false; autowireMode=0; dependencyCheck=0; autowireCandidate=true; primary=false; factoryBeanName=null; factoryMethodName=null; initMethodName=null; destroyMethodName=close; defined in class path resource [beans.xml]]
2017-06-20 22:16:28,924 INFO [org.springframework.beans.factory.support.DefaultListableBeanFactory] - Overriding bean definition for bean 'sessionFactory': replacing [Generic bean: class [org.springframework.orm.hibernate4.LocalSessionFactoryBean]; scope=; abstract=false; lazyInit=false; autowireMode=0; dependencyCheck=0; autowireCandidate=true; primary=false; factoryBeanName=null; factoryMethodName=null; initMethodName=null; destroyMethodName=null; defined in class path resource [beans.xml]] with [Generic bean: class [org.springframework.orm.hibernate4.LocalSessionFactoryBean]; scope=; abstract=false; lazyInit=false; autowireMode=0; dependencyCheck=0; autowireCandidate=true; primary=false; factoryBeanName=null; factoryMethodName=null; initMethodName=null; destroyMethodName=null; defined in class path resource [beans.xml]]
2017-06-20 22:16:28,925 INFO [org.springframework.beans.factory.support.DefaultListableBeanFactory] - Overriding bean definition for bean 'txManager': replacing [Generic bean: class [org.springframework.orm.hibernate4.HibernateTransactionManager]; scope=; abstract=false; lazyInit=false; autowireMode=0; dependencyCheck=0; autowireCandidate=true; primary=false; factoryBeanName=null; factoryMethodName=null; initMethodName=null; destroyMethodName=null; defined in class path resource [beans.xml]] with [Generic bean: class [org.springframework.orm.hibernate4.HibernateTransactionManager]; scope=; abstract=false; lazyInit=false; autowireMode=0; dependencyCheck=0; autowireCandidate=true; primary=false; factoryBeanName=null; factoryMethodName=null; initMethodName=null; destroyMethodName=null; defined in class path resource [beans.xml]]
2017-06-20 22:16:28,927 INFO [org.springframework.beans.factory.support.DefaultListableBeanFactory] - Overriding bean definition for bean 'validator': replacing [Generic bean: class [org.springframework.validation.beanvalidation.LocalValidatorFactoryBean]; scope=; abstract=false; lazyInit=false; autowireMode=0; dependencyCheck=0; autowireCandidate=true; primary=false; factoryBeanName=null; factoryMethodName=null; initMethodName=null; destroyMethodName=null; defined in class path resource [beans.xml]] with [Generic bean: class [org.springframework.validation.beanvalidation.LocalValidatorFactoryBean]; scope=; abstract=false; lazyInit=false; autowireMode=0; dependencyCheck=0; autowireCandidate=true; primary=false; factoryBeanName=null; factoryMethodName=null; initMethodName=null; destroyMethodName=null; defined in class path resource [beans.xml]]
2017-06-20 22:16:29,057 INFO [org.springframework.context.support.PropertySourcesPlaceholderConfigurer] - Loading properties file from URL [file:/D:/workspace/new/spidersManager/out/production/spidersManager/conf.properties]
2017-06-20 22:16:29,079 INFO [org.springframework.context.support.PropertySourcesPlaceholderConfigurer] - Loading properties file from URL [file:/D:/workspace/new/spidersManager/out/production/spidersManager/conf.properties]
2017-06-20 22:16:29,084 INFO [org.springframework.beans.factory.annotation.AutowiredAnnotationBeanPostProcessor] - JSR-330 'javax.inject.Inject' annotation found and supported for autowiring
2017-06-20 22:16:29,428 INFO [org.hibernate.annotations.common.Version] - HCANN000001: Hibernate Commons Annotations {4.0.5.Final}
2017-06-20 22:16:29,435 INFO [org.hibernate.Version] - HHH000412: Hibernate Core {4.3.10.Final}
2017-06-20 22:16:29,437 INFO [org.hibernate.cfg.Environment] - HHH000206: hibernate.properties not found
2017-06-20 22:16:29,439 INFO [org.hibernate.cfg.Environment] - HHH000021: Bytecode provider name : javassist
2017-06-20 22:16:30,059 INFO [org.hibernate.dialect.Dialect] - HHH000400: Using dialect: org.hibernate.dialect.MySQL5Dialect
2017-06-20 22:16:30,071 INFO [org.hibernate.engine.jdbc.internal.LobCreatorBuilder] - HHH000423: Disabling contextual LOB creation as JDBC driver reported JDBC version [3] less than 4
2017-06-20 22:16:30,404 INFO [org.hibernate.engine.transaction.internal.TransactionFactoryInitiator] - HHH000399: Using default transaction strategy (direct JDBC transactions)
2017-06-20 22:16:30,409 INFO [org.hibernate.hql.internal.ast.ASTQueryTranslatorFactory] - HHH000397: Using ASTQueryTranslatorFactory
2017-06-20 22:16:30,487 INFO [org.hibernate.validator.internal.util.Version] - HV000001: Hibernate Validator 5.1.3.Final
2017-06-20 22:16:32,156 INFO [org.springframework.orm.hibernate4.HibernateTransactionManager] - Using DataSource [org.apache.commons.dbcp.BasicDataSource@1a8722c6] of Hibernate SessionFactory for HibernateTransactionManager
2017-06-20 22:18:03,945 INFO [org.springframework.context.support.ClassPathXmlApplicationContext] - Refreshing org.springframework.context.support.ClassPathXmlApplicationContext@1e6d1014: startup date [Tue Jun 20 22:18:03 CST 2017]; root of context hierarchy
2017-06-20 22:18:04,011 INFO [org.springframework.beans.factory.xml.XmlBeanDefinitionReader] - Loading XML bean definitions from class path resource [beans.xml]
2017-06-20 22:18:10,151 INFO [org.springframework.beans.factory.xml.XmlBeanDefinitionReader] - Loading XML bean definitions from class path resource [beans.xml]
2017-06-20 22:18:13,459 INFO [org.springframework.beans.factory.support.DefaultListableBeanFactory] - Overriding bean definition for bean 'dataSource': replacing [Generic bean: class [org.apache.commons.dbcp.BasicDataSource]; scope=; abstract=false; lazyInit=false; autowireMode=0; dependencyCheck=0; autowireCandidate=true; primary=false; factoryBeanName=null; factoryMethodName=null; initMethodName=null; destroyMethodName=close; defined in class path resource [beans.xml]] with [Generic bean: class [org.apache.commons.dbcp.BasicDataSource]; scope=; abstract=false; lazyInit=false; autowireMode=0; dependencyCheck=0; autowireCandidate=true; primary=false; factoryBeanName=null; factoryMethodName=null; initMethodName=null; destroyMethodName=close; defined in class path resource [beans.xml]]
2017-06-20 22:18:13,460 INFO [org.springframework.beans.factory.support.DefaultListableBeanFactory] - Overriding bean definition for bean 'dataSource2': replacing [Generic bean: class [org.apache.commons.dbcp.BasicDataSource]; scope=; abstract=false; lazyInit=false; autowireMode=0; dependencyCheck=0; autowireCandidate=true; primary=false; factoryBeanName=null; factoryMethodName=null; initMethodName=null; destroyMethodName=close; defined in class path resource [beans.xml]] with [Generic bean: class [org.apache.commons.dbcp.BasicDataSource]; scope=; abstract=false; lazyInit=false; autowireMode=0; dependencyCheck=0; autowireCandidate=true; primary=false; factoryBeanName=null; factoryMethodName=null; initMethodName=null; destroyMethodName=close; defined in class path resource [beans.xml]]
2017-06-20 22:18:13,460 INFO [org.springframework.beans.factory.support.DefaultListableBeanFactory] - Overriding bean definition for bean 'sessionFactory': replacing [Generic bean: class [org.springframework.orm.hibernate4.LocalSessionFactoryBean]; scope=; abstract=false; lazyInit=false; autowireMode=0; dependencyCheck=0; autowireCandidate=true; primary=false; factoryBeanName=null; factoryMethodName=null; initMethodName=null; destroyMethodName=null; defined in class path resource [beans.xml]] with [Generic bean: class [org.springframework.orm.hibernate4.LocalSessionFactoryBean]; scope=; abstract=false; lazyInit=false; autowireMode=0; dependencyCheck=0; autowireCandidate=true; primary=false; factoryBeanName=null; factoryMethodName=null; initMethodName=null; destroyMethodName=null; defined in class path resource [beans.xml]]
2017-06-20 22:18:13,461 INFO [org.springframework.beans.factory.support.DefaultListableBeanFactory] - Overriding bean definition for bean 'txManager': replacing [Generic bean: class [org.springframework.orm.hibernate4.HibernateTransactionManager]; scope=; abstract=false; lazyInit=false; autowireMode=0; dependencyCheck=0; autowireCandidate=true; primary=false; factoryBeanName=null; factoryMethodName=null; initMethodName=null; destroyMethodName=null; defined in class path resource [beans.xml]] with [Generic bean: class [org.springframework.orm.hibernate4.HibernateTransactionManager]; scope=; abstract=false; lazyInit=false; autowireMode=0; dependencyCheck=0; autowireCandidate=true; primary=false; factoryBeanName=null; factoryMethodName=null; initMethodName=null; destroyMethodName=null; defined in class path resource [beans.xml]]
2017-06-20 22:18:13,461 INFO [org.springframework.beans.factory.support.DefaultListableBeanFactory] - Overriding bean definition for bean 'validator': replacing [Generic bean: class [org.springframework.validation.beanvalidation.LocalValidatorFactoryBean]; scope=; abstract=false; lazyInit=false; autowireMode=0; dependencyCheck=0; autowireCandidate=true; primary=false; factoryBeanName=null; factoryMethodName=null; initMethodName=null; destroyMethodName=null; defined in class path resource [beans.xml]] with [Generic bean: class [org.springframework.validation.beanvalidation.LocalValidatorFactoryBean]; scope=; abstract=false; lazyInit=false; autowireMode=0; dependencyCheck=0; autowireCandidate=true; primary=false; factoryBeanName=null; factoryMethodName=null; initMethodName=null; destroyMethodName=null; defined in class path resource [beans.xml]]
2017-06-20 22:18:13,566 INFO [org.springframework.context.support.PropertySourcesPlaceholderConfigurer] - Loading properties file from URL [file:/D:/workspace/new/spidersManager/out/production/spidersManager/conf.properties]
2017-06-20 22:18:13,571 INFO [org.springframework.context.support.PropertySourcesPlaceholderConfigurer] - Loading properties file from URL [file:/D:/workspace/new/spidersManager/out/production/spidersManager/conf.properties]
2017-06-20 22:18:13,579 INFO [org.springframework.beans.factory.annotation.AutowiredAnnotationBeanPostProcessor] - JSR-330 'javax.inject.Inject' annotation found and supported for autowiring
2017-06-20 22:18:13,808 INFO [org.hibernate.annotations.common.Version] - HCANN000001: Hibernate Commons Annotations {4.0.5.Final}
2017-06-20 22:18:13,815 INFO [org.hibernate.Version] - HHH000412: Hibernate Core {4.3.10.Final}
2017-06-20 22:18:13,817 INFO [org.hibernate.cfg.Environment] - HHH000206: hibernate.properties not found
2017-06-20 22:18:13,818 INFO [org.hibernate.cfg.Environment] - HHH000021: Bytecode provider name : javassist
2017-06-20 22:18:14,329 INFO [org.hibernate.dialect.Dialect] - HHH000400: Using dialect: org.hibernate.dialect.MySQL5Dialect
2017-06-20 22:18:14,342 INFO [org.hibernate.engine.jdbc.internal.LobCreatorBuilder] - HHH000423: Disabling contextual LOB creation as JDBC driver reported JDBC version [3] less than 4
2017-06-20 22:18:14,700 INFO [org.hibernate.engine.transaction.internal.TransactionFactoryInitiator] - HHH000399: Using default transaction strategy (direct JDBC transactions)
2017-06-20 22:18:14,706 INFO [org.hibernate.hql.internal.ast.ASTQueryTranslatorFactory] - HHH000397: Using ASTQueryTranslatorFactory
2017-06-20 22:18:14,754 INFO [org.hibernate.validator.internal.util.Version] - HV000001: Hibernate Validator 5.1.3.Final
2017-06-20 22:18:16,154 INFO [org.springframework.orm.hibernate4.HibernateTransactionManager] - Using DataSource [org.apache.commons.dbcp.BasicDataSource@1a8722c6] of Hibernate SessionFactory for HibernateTransactionManager
2017-06-20 22:21:17,993 INFO [org.springframework.context.support.ClassPathXmlApplicationContext] - Refreshing org.springframework.context.support.ClassPathXmlApplicationContext@1e6d1014: startup date [Tue Jun 20 22:21:17 CST 2017]; root of context hierarchy
2017-06-20 22:21:18,045 INFO [org.springframework.beans.factory.xml.XmlBeanDefinitionReader] - Loading XML bean definitions from class path resource [beans.xml]
2017-06-20 22:21:24,034 INFO [org.springframework.beans.factory.xml.XmlBeanDefinitionReader] - Loading XML bean definitions from class path resource [beans.xml]
2017-06-20 22:21:27,321 INFO [org.springframework.beans.factory.support.DefaultListableBeanFactory] - Overriding bean definition for bean 'dataSource': replacing [Generic bean: class [org.apache.commons.dbcp.BasicDataSource]; scope=; abstract=false; lazyInit=false; autowireMode=0; dependencyCheck=0; autowireCandidate=true; primary=false; factoryBeanName=null; factoryMethodName=null; initMethodName=null; destroyMethodName=close; defined in class path resource [beans.xml]] with [Generic bean: class [org.apache.commons.dbcp.BasicDataSource]; scope=; abstract=false; lazyInit=false; autowireMode=0; dependencyCheck=0; autowireCandidate=true; primary=false; factoryBeanName=null; factoryMethodName=null; initMethodName=null; destroyMethodName=close; defined in class path resource [beans.xml]]
2017-06-20 22:21:27,322 INFO [org.springframework.beans.factory.support.DefaultListableBeanFactory] - Overriding bean definition for bean 'dataSource2': replacing [Generic bean: class [org.apache.commons.dbcp.BasicDataSource]; scope=; abstract=false; lazyInit=false; autowireMode=0; dependencyCheck=0; autowireCandidate=true; primary=false; factoryBeanName=null; factoryMethodName=null; initMethodName=null; destroyMethodName=close; defined in class path resource [beans.xml]] with [Generic bean: class [org.apache.commons.dbcp.BasicDataSource]; scope=; abstract=false; lazyInit=false; autowireMode=0; dependencyCheck=0; autowireCandidate=true; primary=false; factoryBeanName=null; factoryMethodName=null; initMethodName=null; destroyMethodName=close; defined in class path resource [beans.xml]]
2017-06-20 22:21:27,323 INFO [org.springframework.beans.factory.support.DefaultListableBeanFactory] - Overriding bean definition for bean 'sessionFactory': replacing [Generic bean: class [org.springframework.orm.hibernate4.LocalSessionFactoryBean]; scope=; abstract=false; lazyInit=false; autowireMode=0; dependencyCheck=0; autowireCandidate=true; primary=false; factoryBeanName=null; factoryMethodName=null; initMethodName=null; destroyMethodName=null; defined in class path resource [beans.xml]] with [Generic bean: class [org.springframework.orm.hibernate4.LocalSessionFactoryBean]; scope=; abstract=false; lazyInit=false; autowireMode=0; dependencyCheck=0; autowireCandidate=true; primary=false; factoryBeanName=null; factoryMethodName=null; initMethodName=null; destroyMethodName=null; defined in class path resource [beans.xml]]
2017-06-20 22:21:27,323 INFO [org.springframework.beans.factory.support.DefaultListableBeanFactory] - Overriding bean definition for bean 'txManager': replacing [Generic bean: class [org.springframework.orm.hibernate4.HibernateTransactionManager]; scope=; abstract=false; lazyInit=false; autowireMode=0; dependencyCheck=0; autowireCandidate=true; primary=false; factoryBeanName=null; factoryMethodName=null; initMethodName=null; destroyMethodName=null; defined in class path resource [beans.xml]] with [Generic bean: class [org.springframework.orm.hibernate4.HibernateTransactionManager]; scope=; abstract=false; lazyInit=false; autowireMode=0; dependencyCheck=0; autowireCandidate=true; primary=false; factoryBeanName=null; factoryMethodName=null; initMethodName=null; destroyMethodName=null; defined in class path resource [beans.xml]]
2017-06-20 22:21:27,326 INFO [org.springframework.beans.factory.support.DefaultListableBeanFactory] - Overriding bean definition for bean 'validator': replacing [Generic bean: class [org.springframework.validation.beanvalidation.LocalValidatorFactoryBean]; scope=; abstract=false; lazyInit=false; autowireMode=0; dependencyCheck=0; autowireCandidate=true; primary=false; factoryBeanName=null; factoryMethodName=null; initMethodName=null; destroyMethodName=null; defined in class path resource [beans.xml]] with [Generic bean: class [org.springframework.validation.beanvalidation.LocalValidatorFactoryBean]; scope=; abstract=false; lazyInit=false; autowireMode=0; dependencyCheck=0; autowireCandidate=true; primary=false; factoryBeanName=null; factoryMethodName=null; initMethodName=null; destroyMethodName=null; defined in class path resource [beans.xml]]
2017-06-20 22:21:27,428 INFO [org.springframework.context.support.PropertySourcesPlaceholderConfigurer] - Loading properties file from URL [file:/D:/workspace/new/spidersManager/out/production/spidersManager/conf.properties]
2017-06-20 22:21:27,433 INFO [org.springframework.context.support.PropertySourcesPlaceholderConfigurer] - Loading properties file from URL [file:/D:/workspace/new/spidersManager/out/production/spidersManager/conf.properties]
2017-06-20 22:21:27,438 INFO [org.springframework.beans.factory.annotation.AutowiredAnnotationBeanPostProcessor] - JSR-330 'javax.inject.Inject' annotation found and supported for autowiring
2017-06-20 22:21:27,676 INFO [org.hibernate.annotations.common.Version] - HCANN000001: Hibernate Commons Annotations {4.0.5.Final}
2017-06-20 22:21:27,682 INFO [org.hibernate.Version] - HHH000412: Hibernate Core {4.3.10.Final}
2017-06-20 22:21:27,683 INFO [org.hibernate.cfg.Environment] - HHH000206: hibernate.properties not found
2017-06-20 22:21:27,685 INFO [org.hibernate.cfg.Environment] - HHH000021: Bytecode provider name : javassist
2017-06-20 22:21:28,176 INFO [org.hibernate.dialect.Dialect] - HHH000400: Using dialect: org.hibernate.dialect.MySQL5Dialect
2017-06-20 22:21:28,189 INFO [org.hibernate.engine.jdbc.internal.LobCreatorBuilder] - HHH000423: Disabling contextual LOB creation as JDBC driver reported JDBC version [3] less than 4
2017-06-20 22:21:28,535 INFO [org.hibernate.engine.transaction.internal.TransactionFactoryInitiator] - HHH000399: Using default transaction strategy (direct JDBC transactions)
2017-06-20 22:21:28,540 INFO [org.hibernate.hql.internal.ast.ASTQueryTranslatorFactory] - HHH000397: Using ASTQueryTranslatorFactory
2017-06-20 22:21:28,587 INFO [org.hibernate.validator.internal.util.Version] - HV000001: Hibernate Validator 5.1.3.Final
2017-06-20 22:21:29,994 INFO [org.springframework.orm.hibernate4.HibernateTransactionManager] - Using DataSource [org.apache.commons.dbcp.BasicDataSource@1a8722c6] of Hibernate SessionFactory for HibernateTransactionManager
2017-06-20 22:23:00,372 INFO [org.springframework.context.support.ClassPathXmlApplicationContext] - Refreshing org.springframework.context.support.ClassPathXmlApplicationContext@1e6d1014: startup date [Tue Jun 20 22:23:00 CST 2017]; root of context hierarchy
2017-06-20 22:23:00,419 INFO [org.springframework.beans.factory.xml.XmlBeanDefinitionReader] - Loading XML bean definitions from class path resource [beans.xml]
2017-06-20 22:23:06,611 INFO [org.springframework.beans.factory.xml.XmlBeanDefinitionReader] - Loading XML bean definitions from class path resource [beans.xml]
2017-06-20 22:23:09,888 INFO [org.springframework.beans.factory.support.DefaultListableBeanFactory] - Overriding bean definition for bean 'dataSource': replacing [Generic bean: class [org.apache.commons.dbcp.BasicDataSource]; scope=; abstract=false; lazyInit=false; autowireMode=0; dependencyCheck=0; autowireCandidate=true; primary=false; factoryBeanName=null; factoryMethodName=null; initMethodName=null; destroyMethodName=close; defined in class path resource [beans.xml]] with [Generic bean: class [org.apache.commons.dbcp.BasicDataSource]; scope=; abstract=false; lazyInit=false; autowireMode=0; dependencyCheck=0; autowireCandidate=true; primary=false; factoryBeanName=null; factoryMethodName=null; initMethodName=null; destroyMethodName=close; defined in class path resource [beans.xml]]
2017-06-20 22:23:09,892 INFO [org.springframework.beans.factory.support.DefaultListableBeanFactory] - Overriding bean definition for bean 'dataSource2': replacing [Generic bean: class [org.apache.commons.dbcp.BasicDataSource]; scope=; abstract=false; lazyInit=false; autowireMode=0; dependencyCheck=0; autowireCandidate=true; primary=false; factoryBeanName=null; factoryMethodName=null; initMethodName=null; destroyMethodName=close; defined in class path resource [beans.xml]] with [Generic bean: class [org.apache.commons.dbcp.BasicDataSource]; scope=; abstract=false; lazyInit=false; autowireMode=0; dependencyCheck=0; autowireCandidate=true; primary=false; factoryBeanName=null; factoryMethodName=null; initMethodName=null; destroyMethodName=close; defined in class path resource [beans.xml]]
2017-06-20 22:23:09,894 INFO [org.springframework.beans.factory.support.DefaultListableBeanFactory] - Overriding bean definition for bean 'sessionFactory': replacing [Generic bean: class [org.springframework.orm.hibernate4.LocalSessionFactoryBean]; scope=; abstract=false; lazyInit=false; autowireMode=0; dependencyCheck=0; autowireCandidate=true; primary=false; factoryBeanName=null; factoryMethodName=null; initMethodName=null; destroyMethodName=null; defined in class path resource [beans.xml]] with [Generic bean: class [org.springframework.orm.hibernate4.LocalSessionFactoryBean]; scope=; abstract=false; lazyInit=false; autowireMode=0; dependencyCheck=0; autowireCandidate=true; primary=false; factoryBeanName=null; factoryMethodName=null; initMethodName=null; destroyMethodName=null; defined in class path resource [beans.xml]]
2017-06-20 22:23:09,894 INFO [org.springframework.beans.factory.support.DefaultListableBeanFactory] - Overriding bean definition for bean 'txManager': replacing [Generic bean: class [org.springframework.orm.hibernate4.HibernateTransactionManager]; scope=; abstract=false; lazyInit=false; autowireMode=0; dependencyCheck=0; autowireCandidate=true; primary=false; factoryBeanName=null; factoryMethodName=null; initMethodName=null; destroyMethodName=null; defined in class path resource [beans.xml]] with [Generic bean: class [org.springframework.orm.hibernate4.HibernateTransactionManager]; scope=; abstract=false; lazyInit=false; autowireMode=0; dependencyCheck=0; autowireCandidate=true; primary=false; factoryBeanName=null; factoryMethodName=null; initMethodName=null; destroyMethodName=null; defined in class path resource [beans.xml]]
2017-06-20 22:23:09,895 INFO [org.springframework.beans.factory.support.DefaultListableBeanFactory] - Overriding bean definition for bean 'validator': replacing [Generic bean: class [org.springframework.validation.beanvalidation.LocalValidatorFactoryBean]; scope=; abstract=false; lazyInit=false; autowireMode=0; dependencyCheck=0; autowireCandidate=true; primary=false; factoryBeanName=null; factoryMethodName=null; initMethodName=null; destroyMethodName=null; defined in class path resource [beans.xml]] with [Generic bean: class [org.springframework.validation.beanvalidation.LocalValidatorFactoryBean]; scope=; abstract=false; lazyInit=false; autowireMode=0; dependencyCheck=0; autowireCandidate=true; primary=false; factoryBeanName=null; factoryMethodName=null; initMethodName=null; destroyMethodName=null; defined in class path resource [beans.xml]]
2017-06-20 22:23:10,008 INFO [org.springframework.context.support.PropertySourcesPlaceholderConfigurer] - Loading properties file from URL [file:/D:/workspace/new/spidersManager/out/production/spidersManager/conf.properties]
2017-06-20 22:23:10,013 INFO [org.springframework.context.support.PropertySourcesPlaceholderConfigurer] - Loading properties file from URL [file:/D:/workspace/new/spidersManager/out/production/spidersManager/conf.properties]
2017-06-20 22:23:10,019 INFO [org.springframework.beans.factory.annotation.AutowiredAnnotationBeanPostProcessor] - JSR-330 'javax.inject.Inject' annotation found and supported for autowiring
2017-06-20 22:23:10,250 INFO [org.hibernate.annotations.common.Version] - HCANN000001: Hibernate Commons Annotations {4.0.5.Final}
2017-06-20 22:23:10,255 INFO [org.hibernate.Version] - HHH000412: Hibernate Core {4.3.10.Final}
2017-06-20 22:23:10,257 INFO [org.hibernate.cfg.Environment] - HHH000206: hibernate.properties not found
2017-06-20 22:23:10,259 INFO [org.hibernate.cfg.Environment] - HHH000021: Bytecode provider name : javassist
2017-06-20 22:23:10,743 INFO [org.hibernate.dialect.Dialect] - HHH000400: Using dialect: org.hibernate.dialect.MySQL5Dialect
2017-06-20 22:23:10,755 INFO [org.hibernate.engine.jdbc.internal.LobCreatorBuilder] - HHH000423: Disabling contextual LOB creation as JDBC driver reported JDBC version [3] less than 4
2017-06-20 22:23:11,105 INFO [org.hibernate.engine.transaction.internal.TransactionFactoryInitiator] - HHH000399: Using default transaction strategy (direct JDBC transactions)
2017-06-20 22:23:11,110 INFO [org.hibernate.hql.internal.ast.ASTQueryTranslatorFactory] - HHH000397: Using ASTQueryTranslatorFactory
2017-06-20 22:23:11,167 INFO [org.hibernate.validator.internal.util.Version] - HV000001: Hibernate Validator 5.1.3.Final
2017-06-20 22:23:12,654 INFO [org.springframework.orm.hibernate4.HibernateTransactionManager] - Using DataSource [org.apache.commons.dbcp.BasicDataSource@1a8722c6] of Hibernate SessionFactory for HibernateTransactionManager
